2022-11-03 16:00:25,833 __main__     INFO     inn=123456789 full name=Bondarenko Ivan date of birth=26.11.1982 date of admission to university=15.09.2022: Added
2022-11-03 16:00:25,833 __main__     INFO     inn=123456788 full name=Bondarenko Anatoly date of birth=10.01.1985 date of admission to university=15.09.2022: Added
2022-11-03 16:00:25,834 __main__     INFO     inn=123456787 full name=Ivanov1 Ivan date of birth=01.01.1999 date of admission to university=15.09.2022: Added
2022-11-03 16:00:25,834 __main__     INFO     inn=123456787 full name=Ivanov2 Ivan date of birth=01.01.1999 date of admission to university=15.09.2022: Added
2022-11-03 16:00:25,834 __main__     WARNING  inn=123456787 full name=Ivanov3 Ivan date of birth=01.01.1999 date of admission to university=15.09.2022: Limit
2022-11-03 16:01:26,483 __main__     INFO     inn=123456789 full name=Bondarenko Ivan date of birth=26.11.1982 date of admission to university=15.09.2022: Added
2022-11-03 16:01:26,483 __main__     INFO     inn=123456788 full name=Bondarenko Anatoly date of birth=10.01.1985 date of admission to university=15.09.2022: Added
2022-11-03 16:01:26,483 __main__     INFO     inn=123456787 full name=Ivanov1 Ivan date of birth=01.01.1999 date of admission to university=15.09.2022: Added
2022-11-03 16:01:26,483 __main__     INFO     inn=123456787 full name=Ivanov2 Ivan date of birth=01.01.1999 date of admission to university=15.09.2022: Added
2022-11-03 16:01:26,483 __main__     WARNING  inn=123456787 full name=Ivanov3 Ivan date of birth=01.01.1999 date of admission to university=15.09.2022: Limit
2022-11-03 16:01:26,483 __main__     WARNING  inn=123456787 full name=Ivanov4 Ivan date of birth=01.01.1999 date of admission to university=15.09.2022: Limit
2022-11-03 16:01:26,484 __main__     WARNING  inn=123456787 full name=Ivanov5 Ivan date of birth=01.01.1999 date of admission to university=15.09.2022: Limit
2022-11-03 16:01:26,484 __main__     WARNING  inn=123456787 full name=Ivanov6 Ivan date of birth=01.01.1999 date of admission to university=15.09.2022: Limit
2022-11-03 16:01:26,484 __main__     WARNING  inn=123456787 full name=Ivanov7 Ivan date of birth=01.01.1999 date of admission to university=15.09.2022: Limit
2022-11-03 16:01:26,484 __main__     WARNING  inn=123456787 full name=Ivanov8 Ivan date of birth=01.01.1999 date of admission to university=15.09.2022: Limit
2022-11-03 16:01:26,485 __main__     WARNING  inn=123456787 full name=Ivanov9 Ivan date of birth=01.01.1999 date of admission to university=15.09.2022: Limit
2022-11-03 16:01:26,485 __main__     WARNING  inn=123456787 full name=Ivanov10 Ivan date of birth=01.01.1999 date of admission to university=15.09.2022: Limit
2022-11-03 16:02:27,776 __main__     INFO     inn=123456789 full name=Bondarenko Ivan date of birth=26.11.1982 date of admission to university=15.09.2022: Added
2022-11-03 16:02:27,777 __main__     INFO     inn=123456788 full name=Bondarenko Anatoly date of birth=10.01.1985 date of admission to university=15.09.2022: Added
2022-11-03 16:02:27,777 __main__     INFO     inn=123456787 full name=Ivanov1 Ivan date of birth=01.01.1999 date of admission to university=15.09.2022: Added
2022-11-03 16:02:27,777 __main__     INFO     inn=123456787 full name=Ivanov2 Ivan date of birth=01.01.1999 date of admission to university=15.09.2022: Added
2022-11-03 16:02:27,777 __main__     WARNING  inn=123456787 full name=Ivanov3 Ivan date of birth=01.01.1999 date of admission to university=15.09.2022: Limit
2022-11-03 16:02:27,778 __main__     WARNING  inn=123456787 full name=Ivanov4 Ivan date of birth=01.01.1999 date of admission to university=15.09.2022: Limit
2022-11-03 16:02:27,778 __main__     WARNING  inn=123456787 full name=Ivanov5 Ivan date of birth=01.01.1999 date of admission to university=15.09.2022: Limit
2022-11-03 16:02:27,778 __main__     WARNING  inn=123456787 full name=Ivanov6 Ivan date of birth=01.01.1999 date of admission to university=15.09.2022: Limit
2022-11-03 16:02:27,779 __main__     WARNING  inn=123456787 full name=Ivanov7 Ivan date of birth=01.01.1999 date of admission to university=15.09.2022: Limit
2022-11-03 16:02:27,780 __main__     WARNING  inn=123456787 full name=Ivanov8 Ivan date of birth=01.01.1999 date of admission to university=15.09.2022: Limit
2022-11-03 16:02:27,780 __main__     WARNING  inn=123456787 full name=Ivanov9 Ivan date of birth=01.01.1999 date of admission to university=15.09.2022: Limit
2022-11-03 16:02:27,780 __main__     WARNING  inn=123456787 full name=Ivanov10 Ivan date of birth=01.01.1999 date of admission to university=15.09.2022: Limit
2022-11-14 13:25:16,051 __main__     INFO     inn=123456788 full name=Bondarenko Anatoly date of birth=10.01.1985 date of admission to university=15.09.2022: Added
2022-11-14 13:25:16,052 __main__     INFO     inn=123456787 full name=Ivanov1 Ivan date of birth=01.01.1999 date of admission to university=15.09.2022: Added
2022-11-14 13:25:16,052 __main__     INFO     inn=123456787 full name=Ivanov2 Ivan date of birth=01.01.1999 date of admission to university=15.09.2022: Added
2022-11-14 13:25:16,052 __main__     INFO     inn=123456787 full name=Ivanov3 Ivan date of birth=01.01.1999 date of admission to university=15.09.2022: Added
2022-11-14 13:25:16,052 __main__     WARNING  inn=123456789 full name=Bondarenko Ivan date of birth=26.11.1982 date of admission to university=15.09.2022: Limit
2022-11-14 13:25:16,052 __main__     WARNING  inn=123456787 full name=Ivanov4 Ivan date of birth=01.01.1999 date of admission to university=15.09.2022: Limit
2022-11-14 13:25:16,053 __main__     WARNING  inn=123456787 full name=Ivanov5 Ivan date of birth=01.01.1999 date of admission to university=15.09.2022: Limit
2022-11-14 13:25:16,053 __main__     WARNING  inn=123456787 full name=Ivanov6 Ivan date of birth=01.01.1999 date of admission to university=15.09.2022: Limit
2022-11-14 13:25:16,053 __main__     WARNING  inn=123456787 full name=Ivanov7 Ivan date of birth=01.01.1999 date of admission to university=15.09.2022: Limit
2022-11-14 13:25:16,053 __main__     WARNING  inn=123456787 full name=Ivanov8 Ivan date of birth=01.01.1999 date of admission to university=15.09.2022: Limit
2022-11-14 13:25:16,053 __main__     WARNING  inn=123456787 full name=Ivanov9 Ivan date of birth=01.01.1999 date of admission to university=15.09.2022: Limit
2022-11-14 13:25:16,053 __main__     WARNING  inn=123456787 full name=Ivanov10 Ivan date of birth=01.01.1999 date of admission to university=15.09.2022: Limit
2022-11-14 13:25:44,349 __main__     INFO     inn=123456788 full name=Bondarenko Anatoly date of birth=10.01.1985 date of admission to university=15.09.2022: Added
2022-11-14 13:25:44,349 __main__     INFO     inn=123456787 full name=Ivanov1 Ivan date of birth=01.01.1999 date of admission to university=15.09.2022: Added
2022-11-14 13:25:44,349 __main__     INFO     inn=123456787 full name=Ivanov2 Ivan date of birth=01.01.1999 date of admission to university=15.09.2022: Added
2022-11-14 13:25:44,349 __main__     INFO     inn=123456787 full name=Ivanov3 Ivan date of birth=01.01.1999 date of admission to university=15.09.2022: Added
2022-11-14 13:25:44,349 __main__     WARNING  inn=123456789 full name=Bondarenko Ivan date of birth=26.11.1982 date of admission to university=15.09.2022: Limit
2022-11-14 13:25:44,349 __main__     WARNING  inn=123456787 full name=Ivanov4 Ivan date of birth=01.01.1999 date of admission to university=15.09.2022: Limit
2022-11-14 13:25:44,349 __main__     WARNING  inn=123456787 full name=Ivanov5 Ivan date of birth=01.01.1999 date of admission to university=15.09.2022: Limit
2022-11-14 13:25:44,349 __main__     WARNING  inn=123456787 full name=Ivanov6 Ivan date of birth=01.01.1999 date of admission to university=15.09.2022: Limit
2022-11-14 13:25:44,349 __main__     WARNING  inn=123456787 full name=Ivanov7 Ivan date of birth=01.01.1999 date of admission to university=15.09.2022: Limit
2022-11-14 13:25:44,349 __main__     WARNING  inn=123456787 full name=Ivanov8 Ivan date of birth=01.01.1999 date of admission to university=15.09.2022: Limit
2022-11-14 13:25:44,350 __main__     WARNING  inn=123456787 full name=Ivanov9 Ivan date of birth=01.01.1999 date of admission to university=15.09.2022: Limit
2022-11-14 13:25:44,350 __main__     WARNING  inn=123456787 full name=Ivanov10 Ivan date of birth=01.01.1999 date of admission to university=15.09.2022: Limit
2022-11-14 13:26:23,006 __main__     INFO     inn=123456788 full name=Bondarenko Anatoly date of birth=10.01.1985 date of admission to university=15.09.2022: Added
2022-11-14 13:26:23,006 __main__     INFO     inn=123456787 full name=Ivanov1 Ivan date of birth=01.01.1999 date of admission to university=15.09.2022: Added
2022-11-14 13:26:23,006 __main__     INFO     inn=123456787 full name=Ivanov2 Ivan date of birth=01.01.1999 date of admission to university=15.09.2022: Added
2022-11-14 13:26:23,006 __main__     INFO     inn=123456787 full name=Ivanov3 Ivan date of birth=01.01.1999 date of admission to university=15.09.2022: Added
2022-11-14 13:26:23,007 __main__     WARNING  inn=123456789 full name=Bondarenko Ivan date of birth=26.11.1982 date of admission to university=15.09.2022: Limit
2022-11-14 13:26:23,007 __main__     WARNING  inn=123456787 full name=Ivanov4 Ivan date of birth=01.01.1999 date of admission to university=15.09.2022: Limit
2022-11-14 13:26:23,007 __main__     WARNING  inn=123456787 full name=Ivanov5 Ivan date of birth=01.01.1999 date of admission to university=15.09.2022: Limit
2022-11-14 13:26:23,007 __main__     WARNING  inn=123456787 full name=Ivanov6 Ivan date of birth=01.01.1999 date of admission to university=15.09.2022: Limit
2022-11-14 13:26:23,007 __main__     WARNING  inn=123456787 full name=Ivanov7 Ivan date of birth=01.01.1999 date of admission to university=15.09.2022: Limit
2022-11-14 13:26:23,007 __main__     WARNING  inn=123456787 full name=Ivanov8 Ivan date of birth=01.01.1999 date of admission to university=15.09.2022: Limit
2022-11-14 13:26:23,007 __main__     WARNING  inn=123456787 full name=Ivanov9 Ivan date of birth=01.01.1999 date of admission to university=15.09.2022: Limit
2022-11-14 13:26:23,007 __main__     WARNING  inn=123456787 full name=Ivanov10 Ivan date of birth=01.01.1999 date of admission to university=15.09.2022: Limit
2022-11-14 13:27:26,011 __main__     INFO     inn=123456788 full name=Bondarenko Anatoly date of birth=10.01.1985 date of admission to university=15.09.2022: Added
2022-11-14 13:27:26,011 __main__     INFO     inn=123456787 full name=Ivanov1 Ivan date of birth=01.01.1999 date of admission to university=15.09.2022: Added
2022-11-14 13:27:26,011 __main__     INFO     inn=123456787 full name=Ivanov2 Ivan date of birth=01.01.1999 date of admission to university=15.09.2022: Added
2022-11-14 13:27:26,011 __main__     INFO     inn=123456787 full name=Ivanov3 Ivan date of birth=01.01.1999 date of admission to university=15.09.2022: Added
2022-11-14 13:27:26,011 __main__     WARNING  inn=123456789 full name=Bondarenko Ivan date of birth=26.11.1982 date of admission to university=15.09.2022: Limit
2022-11-14 13:27:26,011 __main__     WARNING  inn=123456787 full name=Ivanov4 Ivan date of birth=01.01.1999 date of admission to university=15.09.2022: Limit
2022-11-14 13:27:26,011 __main__     WARNING  inn=123456787 full name=Ivanov5 Ivan date of birth=01.01.1999 date of admission to university=15.09.2022: Limit
2022-11-14 13:27:26,012 __main__     WARNING  inn=123456787 full name=Ivanov6 Ivan date of birth=01.01.1999 date of admission to university=15.09.2022: Limit
2022-11-14 13:27:26,012 __main__     WARNING  inn=123456787 full name=Ivanov7 Ivan date of birth=01.01.1999 date of admission to university=15.09.2022: Limit
2022-11-14 13:27:26,012 __main__     WARNING  inn=123456787 full name=Ivanov8 Ivan date of birth=01.01.1999 date of admission to university=15.09.2022: Limit
2022-11-14 13:27:26,012 __main__     WARNING  inn=123456787 full name=Ivanov9 Ivan date of birth=01.01.1999 date of admission to university=15.09.2022: Limit
2022-11-14 13:27:26,012 __main__     WARNING  inn=123456787 full name=Ivanov10 Ivan date of birth=01.01.1999 date of admission to university=15.09.2022: Limit
2022-11-14 13:27:57,477 __main__     INFO     inn=123456788 full name=Bondarenko Anatoly date of birth=10.01.1985 date of admission to university=15.09.2022: Added
2022-11-14 13:27:57,477 __main__     INFO     inn=123456787 full name=Ivanov1 Ivan date of birth=01.01.1999 date of admission to university=15.09.2022: Added
2022-11-14 13:27:57,478 __main__     INFO     inn=123456787 full name=Ivanov2 Ivan date of birth=01.01.1999 date of admission to university=15.09.2022: Added
2022-11-14 13:27:57,478 __main__     INFO     inn=123456787 full name=Ivanov3 Ivan date of birth=01.01.1999 date of admission to university=15.09.2022: Added
2022-11-14 13:27:57,478 __main__     WARNING  inn=123456789 full name=Bondarenko Ivan date of birth=26.11.1982 date of admission to university=15.09.2022: Limit
2022-11-14 13:27:57,478 __main__     WARNING  inn=123456787 full name=Ivanov4 Ivan date of birth=01.01.1999 date of admission to university=15.09.2022: Limit
2022-11-14 13:27:57,478 __main__     WARNING  inn=123456787 full name=Ivanov5 Ivan date of birth=01.01.1999 date of admission to university=15.09.2022: Limit
2022-11-14 13:27:57,478 __main__     WARNING  inn=123456787 full name=Ivanov6 Ivan date of birth=01.01.1999 date of admission to university=15.09.2022: Limit
2022-11-14 13:27:57,478 __main__     WARNING  inn=123456787 full name=Ivanov7 Ivan date of birth=01.01.1999 date of admission to university=15.09.2022: Limit
2022-11-14 13:27:57,478 __main__     WARNING  inn=123456787 full name=Ivanov8 Ivan date of birth=01.01.1999 date of admission to university=15.09.2022: Limit
2022-11-14 13:27:57,478 __main__     WARNING  inn=123456787 full name=Ivanov9 Ivan date of birth=01.01.1999 date of admission to university=15.09.2022: Limit
2022-11-14 13:27:57,478 __main__     WARNING  inn=123456787 full name=Ivanov10 Ivan date of birth=01.01.1999 date of admission to university=15.09.2022: Limit
2022-11-14 13:34:40,772 __main__     INFO     inn=123456788 full name=Bondarenko Anatoly date of birth=10.01.1985 date of admission to university=15.09.2022: Added
2022-11-14 13:34:40,772 __main__     INFO     inn=123456787 full name=Ivanov1 Ivan date of birth=01.01.1999 date of admission to university=15.09.2022: Added
2022-11-14 13:34:40,772 __main__     INFO     inn=123456787 full name=Ivanov2 Ivan date of birth=01.01.1999 date of admission to university=15.09.2022: Added
2022-11-14 13:34:40,773 __main__     INFO     inn=123456787 full name=Ivanov3 Ivan date of birth=01.01.1999 date of admission to university=15.09.2022: Added
2022-11-14 13:34:40,773 __main__     WARNING  inn=123456789 full name=Bondarenko Ivan date of birth=26.11.1982 date of admission to university=15.09.2022: Limit
2022-11-14 13:34:40,773 __main__     WARNING  inn=123456787 full name=Ivanov4 Ivan date of birth=01.01.1999 date of admission to university=15.09.2022: Limit
2022-11-14 13:34:40,773 __main__     WARNING  inn=123456787 full name=Ivanov5 Ivan date of birth=01.01.1999 date of admission to university=15.09.2022: Limit
2022-11-14 13:34:40,773 __main__     WARNING  inn=123456787 full name=Ivanov6 Ivan date of birth=01.01.1999 date of admission to university=15.09.2022: Limit
2022-11-14 13:34:40,773 __main__     WARNING  inn=123456787 full name=Ivanov7 Ivan date of birth=01.01.1999 date of admission to university=15.09.2022: Limit
2022-11-14 13:34:40,773 __main__     WARNING  inn=123456787 full name=Ivanov8 Ivan date of birth=01.01.1999 date of admission to university=15.09.2022: Limit
2022-11-14 13:34:40,773 __main__     WARNING  inn=123456787 full name=Ivanov9 Ivan date of birth=01.01.1999 date of admission to university=15.09.2022: Limit
2022-11-14 13:34:40,773 __main__     WARNING  inn=123456787 full name=Ivanov10 Ivan date of birth=01.01.1999 date of admission to university=15.09.2022: Limit
